Using pre-set license
Built from '2020.2/release' branch; Version is '2020.2.1f1 (270dd8c3da1c) revision 2559448'; Using compiler version '192528614'; Build Type 'Release'
OS: 'Windows 10  (10.0.0) 64bit' Language: 'en' Physical Memory: 16192 MB
BatchMode: 1, IsHumanControllingUs: 0, StartBugReporterOnCrash: 0, Is64bit: 1, IsPro: 0

 COMMAND LINE ARGUMENTS:
C:\Program Files\Unity\Hub\Editor\2020.2.1f1\Editor\Unity.exe
-adb2
-batchMode
-noUpm
-name
AssetImportWorker2
-projectPath
D:/Courses/Gradwork/PedestrianSim
-logFile
Logs/AssetImportWorker2.log
-srvPort
53333
Successfully changed project path to: D:/Courses/Gradwork/PedestrianSim
D:/Courses/Gradwork/PedestrianSim
Using Asset Import Pipeline V2.
Refreshing native plugins compatible for Editor in 42.57 ms, found 0 plugins.
Preloading 0 native plugins for Editor in 0.00 ms.
Initialize engine version: 2020.2.1f1 (270dd8c3da1c)
[Subsystems] Discovering subsystems at path C:/Program Files/Unity/Hub/Editor/2020.2.1f1/Editor/Data/Resources/UnitySubsystems
[Subsystems] Discovering subsystems at path D:/Courses/Gradwork/PedestrianSim/Assets
GfxDevice: creating device client; threaded=0
Direct3D:
    Version:  Direct3D 11.0 [level 11.1]
    Renderer: NVIDIA GeForce GTX 1050 Ti (ID=0x1c8c)
    Vendor:   
    VRAM:     4018 MB
    Driver:   27.21.14.6280
Initialize mono
Mono path[0] = 'C:/Program Files/Unity/Hub/Editor/2020.2.1f1/Editor/Data/Managed'
Mono path[1] = 'C:/Program Files/Unity/Hub/Editor/2020.2.1f1/Editor/Data/MonoBleedingEdge/lib/mono/unityjit'
Mono config path = 'C:/Program Files/Unity/Hub/Editor/2020.2.1f1/Editor/Data/MonoBleedingEdge/etc'
Using monoOptions --debugger-agent=transport=dt_socket,embedding=1,server=y,suspend=n,address=127.0.0.1:56644
Begin MonoManager ReloadAssembly
Registering precompiled unity dll's ...
Register platform support module: C:/Program Files/Unity/Hub/Editor/2020.2.1f1/Editor/Data/PlaybackEngines/WindowsStandaloneSupport/UnityEditor.WindowsStandalone.Extensions.dll
Registered in 0.001811 seconds.
Native extension for WindowsStandalone target not found
Refreshing native plugins compatible for Editor in 71.28 ms, found 0 plugins.
Preloading 0 native plugins for Editor in 0.00 ms.
Invoked RoslynAnalysisRunner static constructor.
RoslynAnalysisRunner will not be running.
RoslynAnalysisRunner has terminated.
Mono: successfully reloaded assembly
- Completed reload, in  1.309 seconds
Platform modules already initialized, skipping
Registering precompiled user dll's ...
Registered in 0.001266 seconds.
Begin MonoManager ReloadAssembly
Native extension for WindowsStandalone target not found
Refreshing native plugins compatible for Editor in 43.39 ms, found 0 plugins.
Preloading 0 native plugins for Editor in 0.00 ms.
Invoked RoslynAnalysisRunner static constructor.
RoslynAnalysisRunner will not be running.
RoslynAnalysisRunner has terminated.
Mono: successfully reloaded assembly
- Completed reload, in  1.000 seconds
Platform modules already initialized, skipping
========================================================================
Worker process is ready to serve import requests
Shader 'Universal Render Pipeline/Particles/Lit': fallback shader 'Universal Render Pipeline/Particles/SimpleLit' not found
Shader 'Universal Render Pipeline/Particles/Lit': fallback shader 'Universal Render Pipeline/Particles/SimpleLit' not found
Launched and connected shader compiler UnityShaderCompiler.exe after 0.07 seconds
Refreshing native plugins compatible for Editor in 0.39 ms, found 0 plugins.
Preloading 0 native plugins for Editor in 0.00 ms.
Unloading 2415 Unused Serialized files (Serialized files now loaded: 0)
System memory in use before: 117.7 MB.
System memory in use after: 115.7 MB.

Unloading 44 unused Assets to reduce memory usage. Loaded Objects now: 2834.
Total: 4.316000 ms (FindLiveObjects: 0.882900 ms CreateObjectMapping: 0.371900 ms MarkObjects: 1.920000 ms  DeleteObjects: 1.138300 ms)

========================================================================
Received Import Request.
  path: Assets/Prefabs/SFCharacter.prefab
  artifactKey: Guid(bffa9f1b97044e144b98401d1f7d2f6b) Importer(815301076,1909f56bfc062723c751e8b465ee728b)
Start importing Assets/Prefabs/SFCharacter.prefab using Guid(bffa9f1b97044e144b98401d1f7d2f6b) Importer(815301076,1909f56bfc062723c751e8b465ee728b)  -> (artifact id: '7fb6fb9b9fc03f065214cbe1cbf39c32') in 0.589974 seconds
  Import took 0.607896 seconds .

========================================================================
Received Import Request.
  Time since last request: 24.829135 seconds.
  path: Assets/Prefabs/SFCharacter.prefab
  artifactKey: Guid(bffa9f1b97044e144b98401d1f7d2f6b) Importer(815301076,1909f56bfc062723c751e8b465ee728b)
Start importing Assets/Prefabs/SFCharacter.prefab using Guid(bffa9f1b97044e144b98401d1f7d2f6b) Importer(815301076,1909f56bfc062723c751e8b465ee728b)  -> (artifact id: 'b456d68ab71ff01a643d5b6150b57319') in 0.016346 seconds
  Import took 0.022729 seconds .

========================================================================
Received Prepare
Registering precompiled user dll's ...
Registered in 0.001146 seconds.
Begin MonoManager ReloadAssembly
Native extension for WindowsStandalone target not found
Refreshing native plugins compatible for Editor in 0.38 ms, found 0 plugins.
Preloading 0 native plugins for Editor in 0.00 ms.
Invoked RoslynAnalysisRunner static constructor.
RoslynAnalysisRunner will not be running.
RoslynAnalysisRunner has terminated.
Mono: successfully reloaded assembly
- Completed reload, in  0.937 seconds
Platform modules already initialized, skipping
Shader 'Universal Render Pipeline/Particles/Lit': fallback shader 'Universal Render Pipeline/Particles/SimpleLit' not found
Shader 'Universal Render Pipeline/Particles/Lit': fallback shader 'Universal Render Pipeline/Particles/SimpleLit' not found
Refreshing native plugins compatible for Editor in 0.39 ms, found 0 plugins.
Preloading 0 native plugins for Editor in 0.00 ms.
Unloading 2339 Unused Serialized files (Serialized files now loaded: 0)
System memory in use before: 120.1 MB.
System memory in use after: 118.1 MB.

Unloading 39 unused Assets to reduce memory usage. Loaded Objects now: 2883.
Total: 3.431200 ms (FindLiveObjects: 0.279500 ms CreateObjectMapping: 0.124900 ms MarkObjects: 1.808500 ms  DeleteObjects: 1.217400 ms)

========================================================================
Received Import Request.
  Time since last request: 59.623163 seconds.
  path: Assets/Prefabs/SFCharacter.prefab
  artifactKey: Guid(bffa9f1b97044e144b98401d1f7d2f6b) Importer(815301076,1909f56bfc062723c751e8b465ee728b)
Start importing Assets/Prefabs/SFCharacter.prefab using Guid(bffa9f1b97044e144b98401d1f7d2f6b) Importer(815301076,1909f56bfc062723c751e8b465ee728b)  -> (artifact id: '468d89271b5ec181b879f02422dafae5') in 0.183934 seconds
  Import took 0.223506 seconds .

========================================================================
Received Import Request.
  Time since last request: 1.886819 seconds.
  path: Assets/Prefabs/SFCharacter.prefab
  artifactKey: Guid(bffa9f1b97044e144b98401d1f7d2f6b) Importer(815301076,1909f56bfc062723c751e8b465ee728b)
Start importing Assets/Prefabs/SFCharacter.prefab using Guid(bffa9f1b97044e144b98401d1f7d2f6b) Importer(815301076,1909f56bfc062723c751e8b465ee728b)  -> (artifact id: '468d89271b5ec181b879f02422dafae5') in 0.010895 seconds
  Import took 0.014669 seconds .

========================================================================
Received Prepare
Registering precompiled user dll's ...
Registered in 0.001155 seconds.
Begin MonoManager ReloadAssembly
Native extension for WindowsStandalone target not found
Refreshing native plugins compatible for Editor in 0.57 ms, found 0 plugins.
Preloading 0 native plugins for Editor in 0.00 ms.
Invoked RoslynAnalysisRunner static constructor.
RoslynAnalysisRunner will not be running.
RoslynAnalysisRunner has terminated.
Mono: successfully reloaded assembly
- Completed reload, in  0.979 seconds
Platform modules already initialized, skipping
Shader 'Universal Render Pipeline/Particles/Lit': fallback shader 'Universal Render Pipeline/Particles/SimpleLit' not found
Shader 'Universal Render Pipeline/Particles/Lit': fallback shader 'Universal Render Pipeline/Particles/SimpleLit' not found
Refreshing native plugins compatible for Editor in 0.37 ms, found 0 plugins.
Preloading 0 native plugins for Editor in 0.00 ms.
Unloading 2339 Unused Serialized files (Serialized files now loaded: 0)
System memory in use before: 121.1 MB.
System memory in use after: 119.1 MB.

Unloading 39 unused Assets to reduce memory usage. Loaded Objects now: 2921.
Total: 4.475500 ms (FindLiveObjects: 0.237200 ms CreateObjectMapping: 0.104500 ms MarkObjects: 2.480600 ms  DeleteObjects: 1.651800 ms)

========================================================================
Received Prepare
Registering precompiled user dll's ...
Registered in 0.001067 seconds.
Begin MonoManager ReloadAssembly
Native extension for WindowsStandalone target not found
Refreshing native plugins compatible for Editor in 0.56 ms, found 0 plugins.
Preloading 0 native plugins for Editor in 0.00 ms.
Invoked RoslynAnalysisRunner static constructor.
RoslynAnalysisRunner will not be running.
RoslynAnalysisRunner has terminated.
Mono: successfully reloaded assembly
- Completed reload, in  0.897 seconds
Platform modules already initialized, skipping
Shader 'Universal Render Pipeline/Particles/Lit': fallback shader 'Universal Render Pipeline/Particles/SimpleLit' not found
Shader 'Universal Render Pipeline/Particles/Lit': fallback shader 'Universal Render Pipeline/Particles/SimpleLit' not found
Refreshing native plugins compatible for Editor in 0.37 ms, found 0 plugins.
Preloading 0 native plugins for Editor in 0.00 ms.
Unloading 2339 Unused Serialized files (Serialized files now loaded: 0)
System memory in use before: 121.3 MB.
System memory in use after: 119.3 MB.

Unloading 39 unused Assets to reduce memory usage. Loaded Objects now: 2923.
Total: 5.374200 ms (FindLiveObjects: 0.325900 ms CreateObjectMapping: 0.250300 ms MarkObjects: 2.340600 ms  DeleteObjects: 2.455600 ms)

========================================================================
Received Import Request.
  Time since last request: 298.594789 seconds.
  path: Assets/Prefabs/SFObstacle.prefab
  artifactKey: Guid(3c1b760457db2964d9e801c414e5cc31) Importer(815301076,1909f56bfc062723c751e8b465ee728b)
Start importing Assets/Prefabs/SFObstacle.prefab using Guid(3c1b760457db2964d9e801c414e5cc31) Importer(815301076,1909f56bfc062723c751e8b465ee728b)  -> (artifact id: '3d2b0f554a7a32a72476ed83d6933502') in 0.221412 seconds
  Import took 0.237158 seconds .

========================================================================
Received Import Request.
  Time since last request: 10.976450 seconds.
  path: Assets/Prefabs/SFObstacle.prefab
  artifactKey: Guid(3c1b760457db2964d9e801c414e5cc31) Importer(815301076,1909f56bfc062723c751e8b465ee728b)
Start importing Assets/Prefabs/SFObstacle.prefab using Guid(3c1b760457db2964d9e801c414e5cc31) Importer(815301076,1909f56bfc062723c751e8b465ee728b)  -> (artifact id: 'ea770805b12b01ddae75c745a2c15f6d') in 0.013839 seconds
  Import took 0.032001 seconds .

========================================================================
Received Import Request.
  Time since last request: 537.702573 seconds.
  path: Assets/Prefabs/EndPos.prefab
  artifactKey: Guid(1e3ae1df7ccb6134c94cf81406f1c0ad) Importer(815301076,1909f56bfc062723c751e8b465ee728b)
Start importing Assets/Prefabs/EndPos.prefab using Guid(1e3ae1df7ccb6134c94cf81406f1c0ad) Importer(815301076,1909f56bfc062723c751e8b465ee728b)  -> (artifact id: '401d1f8357ae4b76475857968478a92c') in 0.028726 seconds
  Import took 0.036978 seconds .

========================================================================
Received Import Request.
  Time since last request: 0.000338 seconds.
  path: Assets/Prefabs/PedestrianPath.prefab
  artifactKey: Guid(38c9ff366c14cc64f83b31db4170e096) Importer(815301076,1909f56bfc062723c751e8b465ee728b)
Start importing Assets/Prefabs/PedestrianPath.prefab using Guid(38c9ff366c14cc64f83b31db4170e096) Importer(815301076,1909f56bfc062723c751e8b465ee728b)  -> (artifact id: '90de9cca055ca9b4645e3a20350036c6') in 0.064602 seconds
  Import took 0.076630 seconds .

========================================================================
Received Prepare
Registering precompiled user dll's ...
Registered in 0.001690 seconds.
Begin MonoManager ReloadAssembly
Native extension for WindowsStandalone target not found
Refreshing native plugins compatible for Editor in 0.72 ms, found 0 plugins.
Preloading 0 native plugins for Editor in 0.00 ms.
Invoked RoslynAnalysisRunner static constructor.
RoslynAnalysisRunner will not be running.
RoslynAnalysisRunner has terminated.
Mono: successfully reloaded assembly
- Completed reload, in  0.928 seconds
Platform modules already initialized, skipping
Shader 'Universal Render Pipeline/Particles/Lit': fallback shader 'Universal Render Pipeline/Particles/SimpleLit' not found
Shader 'Universal Render Pipeline/Particles/Lit': fallback shader 'Universal Render Pipeline/Particles/SimpleLit' not found
Refreshing native plugins compatible for Editor in 0.54 ms, found 0 plugins.
Preloading 0 native plugins for Editor in 0.00 ms.
Unloading 2339 Unused Serialized files (Serialized files now loaded: 0)
System memory in use before: 121.5 MB.
System memory in use after: 119.5 MB.

Unloading 39 unused Assets to reduce memory usage. Loaded Objects now: 2963.
Total: 3.438600 ms (FindLiveObjects: 0.228600 ms CreateObjectMapping: 0.103000 ms MarkObjects: 1.817400 ms  DeleteObjects: 1.288900 ms)

AssetImportWorkerClient::OnTransportError - code=2 error=End of file
