Using pre-set license
Built from '2020.2/release' branch; Version is '2020.2.1f1 (270dd8c3da1c) revision 2559448'; Using compiler version '192528614'; Build Type 'Release'
OS: 'Windows 10  (10.0.0) 64bit' Language: 'en' Physical Memory: 16192 MB
BatchMode: 1, IsHumanControllingUs: 0, StartBugReporterOnCrash: 0, Is64bit: 1, IsPro: 0

 COMMAND LINE ARGUMENTS:
C:\Program Files\Unity\Hub\Editor\2020.2.1f1\Editor\Unity.exe
-adb2
-batchMode
-noUpm
-name
AssetImportWorker0
-projectPath
D:/Courses/Gradwork/PedestrianSim
-logFile
Logs/AssetImportWorker0.log
-srvPort
59425
Successfully changed project path to: D:/Courses/Gradwork/PedestrianSim
D:/Courses/Gradwork/PedestrianSim
Using Asset Import Pipeline V2.
Refreshing native plugins compatible for Editor in 56.03 ms, found 0 plugins.
Preloading 0 native plugins for Editor in 0.00 ms.
Initialize engine version: 2020.2.1f1 (270dd8c3da1c)
[Subsystems] Discovering subsystems at path C:/Program Files/Unity/Hub/Editor/2020.2.1f1/Editor/Data/Resources/UnitySubsystems
[Subsystems] Discovering subsystems at path D:/Courses/Gradwork/PedestrianSim/Assets
GfxDevice: creating device client; threaded=0
Direct3D:
    Version:  Direct3D 11.0 [level 11.1]
    Renderer: NVIDIA GeForce GTX 1050 Ti (ID=0x1c8c)
    Vendor:   
    VRAM:     4018 MB
    Driver:   27.21.14.6280
Initialize mono
Mono path[0] = 'C:/Program Files/Unity/Hub/Editor/2020.2.1f1/Editor/Data/Managed'
Mono path[1] = 'C:/Program Files/Unity/Hub/Editor/2020.2.1f1/Editor/Data/MonoBleedingEdge/lib/mono/unityjit'
Mono config path = 'C:/Program Files/Unity/Hub/Editor/2020.2.1f1/Editor/Data/MonoBleedingEdge/etc'
Using monoOptions --debugger-agent=transport=dt_socket,embedding=1,server=y,suspend=n,address=127.0.0.1:56224
Begin MonoManager ReloadAssembly
Registering precompiled unity dll's ...
Register platform support module: C:/Program Files/Unity/Hub/Editor/2020.2.1f1/Editor/Data/PlaybackEngines/WindowsStandaloneSupport/UnityEditor.WindowsStandalone.Extensions.dll
Registered in 0.123784 seconds.
Native extension for WindowsStandalone target not found
Refreshing native plugins compatible for Editor in 47.89 ms, found 0 plugins.
Preloading 0 native plugins for Editor in 0.00 ms.
Invoked RoslynAnalysisRunner static constructor.
RoslynAnalysisRunner will not be running.
RoslynAnalysisRunner has terminated.
Mono: successfully reloaded assembly
- Completed reload, in  4.248 seconds
Platform modules already initialized, skipping
Registering precompiled user dll's ...
Registered in 0.000902 seconds.
Begin MonoManager ReloadAssembly
Native extension for WindowsStandalone target not found
Refreshing native plugins compatible for Editor in 42.39 ms, found 0 plugins.
Preloading 0 native plugins for Editor in 0.00 ms.
Invoked RoslynAnalysisRunner static constructor.
RoslynAnalysisRunner will not be running.
RoslynAnalysisRunner has terminated.
Mono: successfully reloaded assembly
- Completed reload, in  0.959 seconds
Platform modules already initialized, skipping
========================================================================
Worker process is ready to serve import requests
Shader 'Universal Render Pipeline/Particles/Lit': fallback shader 'Universal Render Pipeline/Particles/SimpleLit' not found
Shader 'Universal Render Pipeline/Particles/Lit': fallback shader 'Universal Render Pipeline/Particles/SimpleLit' not found
Launched and connected shader compiler UnityShaderCompiler.exe after 0.05 seconds
Refreshing native plugins compatible for Editor in 0.44 ms, found 0 plugins.
Preloading 0 native plugins for Editor in 0.00 ms.
Unloading 2416 Unused Serialized files (Serialized files now loaded: 0)
System memory in use before: 117.7 MB.
System memory in use after: 115.7 MB.

Unloading 44 unused Assets to reduce memory usage. Loaded Objects now: 2835.
Total: 3.785600 ms (FindLiveObjects: 0.578700 ms CreateObjectMapping: 0.182400 ms MarkObjects: 1.777500 ms  DeleteObjects: 1.245900 ms)

========================================================================
Received Import Request.
  path: Assets/Scripts/SimulationSettings.cs
  artifactKey: Guid(d33c9574a05646848a5fd91e0f12e0f8) Importer(815301076,1909f56bfc062723c751e8b465ee728b)
Start importing Assets/Scripts/SimulationSettings.cs using Guid(d33c9574a05646848a5fd91e0f12e0f8) Importer(815301076,1909f56bfc062723c751e8b465ee728b)  -> (artifact id: '37ca8e9cbf47de91ee6ad793aecf0e5c') in 0.044218 seconds
  Import took 0.048239 seconds .

========================================================================
Received Import Request.
  Time since last request: 33722.901259 seconds.
  path: Assets/Scripts/SimulationSettings.cs
  artifactKey: Guid(d33c9574a05646848a5fd91e0f12e0f8) Importer(815301076,1909f56bfc062723c751e8b465ee728b)
Start importing Assets/Scripts/SimulationSettings.cs using Guid(d33c9574a05646848a5fd91e0f12e0f8) Importer(815301076,1909f56bfc062723c751e8b465ee728b)  -> (artifact id: '6817bdbeda6a30f34c039307f6b2b51a') in 0.027347 seconds
  Import took 0.114172 seconds .

========================================================================
Received Import Request.
  Time since last request: 0.003072 seconds.
  path: Assets/Scripts/SimulationSettings.cs
  artifactKey: Guid(d33c9574a05646848a5fd91e0f12e0f8) Importer(815301076,1909f56bfc062723c751e8b465ee728b)
Start importing Assets/Scripts/SimulationSettings.cs using Guid(d33c9574a05646848a5fd91e0f12e0f8) Importer(815301076,1909f56bfc062723c751e8b465ee728b)  -> (artifact id: '6817bdbeda6a30f34c039307f6b2b51a') in 0.006688 seconds
  Import took 0.013481 seconds .

AssetImportWorkerClient::OnTransportError - code=2 error=End of file
